SF:/Users/vietnguyen/DATA/TECHX/flutter_debounce_throttle/packages/dart_debounce_throttle/lib/src/config.dart
DA:42,0
DA:44,15
DA:49,4
DA:60,4
DA:63,4
DA:66,0
DA:69,0
DA:72,0
DA:78,4
DA:88,10
DA:91,4
DA:92,8
DA:102,5
DA:111,4
DA:114,4
DA:117,2
DA:126,0
DA:134,0
DA:136,4
DA:137,4
DA:138,4
DA:139,4
DA:140,4
DA:141,4
LF:24
LH:18
end_of_record
SF:/Users/vietnguyen/DATA/TECHX/flutter_debounce_throttle/packages/dart_debounce_throttle/lib/src/logger.dart
DA:49,0
DA:52,28
DA:58,48
DA:61,0
DA:62,0
DA:66,0
DA:67,0
DA:71,0
DA:72,0
DA:76,0
DA:77,0
DA:80,0
DA:82,0
DA:83,0
DA:85,0
DA:89,0
DA:94,0
DA:95,0
DA:96,0
DA:99,0
DA:114,32
DA:115,32
DA:118,16
DA:119,0
DA:121,44
DA:122,32
DA:124,32
DA:129,0
DA:130,0
DA:131,0
DA:136,0
DA:137,0
DA:138,0
DA:143,0
DA:144,0
DA:145,0
LF:36
LH:8
end_of_record
SF:/Users/vietnguyen/DATA/TECHX/flutter_debounce_throttle/packages/dart_debounce_throttle/lib/src/concurrency_mode.dart
DA:141,0
DA:143,0
DA:145,0
DA:147,0
DA:149,0
DA:155,0
DA:157,0
DA:159,0
DA:161,0
DA:163,0
DA:169,0
DA:172,0
DA:173,0
LF:13
LH:0
end_of_record
SF:/Users/vietnguyen/DATA/TECHX/flutter_debounce_throttle/packages/dart_debounce_throttle/lib/src/throttler.dart
DA:26,9
DA:36,2
DA:38,4
DA:41,9
DA:42,18
DA:43,9
DA:46,18
DA:48,6
DA:50,9
DA:52,17
DA:53,9
DA:56,7
DA:57,7
DA:94,2
DA:95,4
DA:124,7
DA:132,9
DA:134,7
DA:136,14
DA:140,2
DA:141,2
DA:144,7
DA:148,7
DA:151,7
DA:152,2
DA:153,2
DA:157,7
DA:158,6
DA:159,8
DA:163,7
DA:164,7
DA:165,7
DA:166,21
DA:167,7
DA:168,7
DA:172,7
DA:178,7
DA:179,12
DA:180,8
DA:182,1
DA:183,1
DA:184,1
DA:188,1
DA:190,2
DA:193,0
DA:204,3
DA:205,3
DA:206,3
DA:207,3
DA:211,4
DA:213,7
DA:215,7
DA:216,7
LF:53
LH:52
end_of_record
SF:/Users/vietnguyen/DATA/TECHX/flutter_debounce_throttle/packages/dart_debounce_throttle/lib/src/debouncer.dart
DA:54,2
DA:55,4
DA:95,7
DA:106,7
DA:109,9
DA:111,7
DA:113,14
DA:117,2
DA:118,2
DA:121,7
DA:125,7
DA:128,7
DA:129,2
DA:130,2
DA:135,25
DA:136,12
DA:137,6
DA:138,12
DA:140,8
DA:144,7
DA:145,7
DA:148,11
DA:149,4
DA:150,4
DA:151,4
DA:152,4
DA:156,13
DA:157,21
DA:158,14
DA:161,14
DA:166,19
DA:167,7
DA:168,7
DA:169,14
DA:170,14
DA:172,2
DA:177,7
DA:178,7
DA:179,7
DA:183,7
DA:191,7
DA:192,14
DA:193,9
DA:195,3
DA:196,3
DA:197,3
DA:198,3
DA:202,3
DA:204,2
DA:207,2
DA:213,6
DA:219,2
DA:220,2
DA:221,2
DA:222,2
DA:223,2
DA:224,2
DA:227,7
DA:229,7
DA:230,7
DA:231,7
DA:232,7
LF:62
LH:62
end_of_record
SF:/Users/vietnguyen/DATA/TECHX/flutter_debounce_throttle/packages/dart_debounce_throttle/lib/src/high_frequency_throttler.dart
DA:46,2
DA:49,2
DA:50,2
DA:52,2
DA:53,8
DA:54,2
DA:55,2
DA:60,2
DA:62,4
DA:66,2
DA:67,2
DA:70,2
DA:71,2
DA:75,2
DA:76,2
DA:77,10
LF:16
LH:16
end_of_record
SF:/Users/vietnguyen/DATA/TECHX/flutter_debounce_throttle/packages/dart_debounce_throttle/lib/src/throttle_debouncer.dart
DA:41,2
DA:44,2
DA:45,2
DA:47,2
DA:48,2
DA:49,2
DA:52,2
DA:58,2
DA:59,8
DA:60,2
DA:61,2
DA:62,2
DA:63,2
DA:64,2
DA:66,2
DA:72,2
DA:74,4
DA:78,2
DA:79,2
DA:80,2
DA:81,2
DA:84,2
DA:85,4
DA:86,2
DA:89,2
DA:90,2
DA:91,2
DA:92,2
DA:95,6
LF:29
LH:29
end_of_record
SF:/Users/vietnguyen/DATA/TECHX/flutter_debounce_throttle/packages/dart_debounce_throttle/lib/src/async_debouncer.dart
DA:38,2
DA:41,4
DA:44,2
DA:45,2
DA:48,4
DA:50,2
DA:51,2
DA:53,4
DA:104,0
DA:105,0
DA:141,3
DA:149,0
DA:180,3
DA:181,3
DA:184,3
DA:185,2
DA:187,2
DA:188,4
DA:189,2
DA:192,0
DA:193,0
DA:200,5
DA:201,3
DA:202,4
DA:203,2
DA:204,4
DA:205,2
DA:208,6
DA:209,3
DA:212,5
DA:213,2
DA:214,2
DA:218,12
DA:221,6
DA:222,0
DA:223,0
DA:224,0
DA:229,3
DA:231,3
DA:233,6
DA:234,4
DA:235,2
DA:236,4
DA:238,2
DA:239,2
DA:240,0
DA:241,0
DA:242,0
DA:245,6
DA:248,3
DA:250,2
DA:252,2
DA:256,3
DA:257,0
DA:258,0
DA:260,3
DA:261,3
DA:265,0
DA:266,0
DA:269,3
DA:270,3
DA:275,3
DA:279,0
DA:280,0
DA:301,2
DA:303,2
DA:306,2
DA:307,2
DA:309,2
DA:310,4
DA:311,2
DA:312,2
DA:314,0
DA:315,0
DA:322,4
DA:323,2
DA:324,4
DA:325,2
DA:326,4
DA:327,2
DA:330,4
DA:331,2
DA:334,4
DA:335,2
DA:336,4
DA:340,8
DA:343,4
DA:344,0
DA:345,0
DA:346,0
DA:351,2
DA:353,2
DA:355,6
DA:356,4
DA:357,2
DA:358,4
DA:360,2
DA:361,4
DA:362,0
DA:363,0
DA:364,0
DA:367,4
DA:370,2
DA:372,0
DA:374,0
DA:378,2
DA:379,0
DA:380,0
DA:382,2
DA:383,2
DA:387,0
DA:388,0
DA:391,2
DA:395,2
DA:399,0
DA:400,0
DA:401,0
DA:402,0
DA:406,3
DA:407,6
DA:408,3
DA:410,3
DA:411,4
DA:412,2
DA:415,6
DA:418,3
DA:419,3
DA:422,6
LF:128
LH:93
end_of_record
SF:/Users/vietnguyen/DATA/TECHX/flutter_debounce_throttle/packages/dart_debounce_throttle/lib/src/async_throttler.dart
DA:52,1
DA:53,2
DA:91,7
DA:99,1
DA:102,7
DA:103,7
DA:106,7
DA:107,2
DA:109,2
DA:110,4
DA:111,2
DA:114,0
DA:116,0
DA:118,0
DA:122,0
DA:123,0
DA:130,7
DA:131,4
DA:132,6
DA:136,7
DA:137,7
DA:139,7
DA:140,7
DA:141,25
DA:142,4
DA:143,4
DA:144,4
DA:149,7
DA:150,14
DA:151,21
DA:152,9
DA:154,6
DA:157,3
DA:159,2
DA:161,0
DA:165,3
DA:166,1
DA:167,1
DA:172,7
DA:173,14
DA:174,7
DA:175,7
DA:176,7
DA:182,2
DA:184,4
DA:188,10
DA:191,5
DA:192,10
DA:193,5
DA:194,5
DA:195,5
DA:198,7
DA:199,11
DA:200,7
DA:201,7
LF:55
LH:49
end_of_record
SF:/Users/vietnguyen/DATA/TECHX/flutter_debounce_throttle/packages/dart_debounce_throttle/lib/src/concurrent_async_throttler.dart
DA:103,4
DA:113,4
DA:123,4
DA:124,4
DA:125,4
DA:126,4
DA:128,4
DA:129,4
DA:131,2
DA:132,2
DA:134,2
DA:135,2
DA:140,4
DA:141,4
DA:142,4
DA:145,20
DA:146,4
DA:147,4
DA:148,4
DA:149,4
DA:150,2
DA:152,4
DA:153,4
DA:156,4
DA:157,8
DA:158,8
DA:160,4
DA:161,4
DA:163,4
DA:168,8
DA:170,8
DA:171,16
DA:175,4
DA:176,4
DA:179,4
DA:183,4
DA:184,12
DA:186,4
DA:187,8
DA:189,8
DA:190,8
DA:191,4
DA:192,16
DA:195,12
DA:196,8
DA:198,0
DA:199,0
DA:204,4
DA:205,8
DA:209,2
DA:210,4
DA:211,6
DA:214,4
DA:217,6
DA:219,4
DA:220,0
DA:221,0
DA:226,2
DA:229,4
DA:230,4
DA:231,2
DA:238,2
DA:240,4
DA:241,2
DA:242,4
DA:247,4
DA:250,2
DA:251,2
DA:252,2
DA:253,4
DA:256,2
DA:261,0
DA:263,0
DA:267,6
DA:270,0
DA:271,0
DA:272,0
DA:273,0
DA:274,0
DA:275,0
DA:277,0
DA:282,10
DA:285,2
DA:286,2
DA:287,2
DA:288,8
DA:289,0
DA:290,0
DA:291,0
DA:292,0
DA:293,0
DA:298,2
DA:299,4
DA:300,4
DA:301,2
DA:302,2
DA:303,4
DA:304,10
DA:308,4
DA:309,8
DA:310,8
DA:311,4
DA:312,4
DA:321,4
LF:104
LH:86
end_of_record
SF:/Users/vietnguyen/DATA/TECHX/flutter_debounce_throttle/packages/dart_debounce_throttle/lib/src/batch_throttler.dart
DA:98,4
DA:115,4
DA:117,20
DA:118,2
DA:119,2
DA:120,4
DA:121,2
DA:122,4
DA:124,2
DA:125,2
DA:126,4
DA:128,2
DA:129,2
DA:130,4
DA:131,2
DA:136,8
DA:137,16
DA:140,8
DA:141,16
DA:145,0
DA:146,0
DA:148,4
DA:149,8
DA:151,16
DA:152,8
DA:153,8
DA:156,8
DA:158,0
DA:164,2
DA:165,4
DA:166,2
DA:167,2
DA:171,2
DA:172,8
DA:173,4
DA:174,2
DA:175,4
DA:178,4
DA:179,8
DA:180,4
DA:181,8
DA:185,6
DA:188,6
LF:43
LH:40
end_of_record
SF:/Users/vietnguyen/DATA/TECHX/flutter_debounce_throttle/packages/dart_debounce_throttle/lib/src/rate_limiter.dart
DA:105,6
DA:113,12
DA:114,12
DA:115,6
DA:116,12
DA:122,6
DA:123,12
DA:124,12
DA:126,18
DA:127,12
DA:129,6
DA:130,36
DA:131,6
DA:132,18
DA:133,12
DA:140,4
DA:141,4
DA:142,2
DA:143,2
DA:147,4
DA:149,8
DA:150,8
DA:151,4
DA:152,12
DA:153,8
DA:157,4
DA:158,4
DA:159,6
DA:166,4
DA:167,4
DA:168,4
DA:177,2
DA:179,2
DA:180,2
DA:186,4
DA:187,4
DA:188,8
DA:192,2
DA:193,2
DA:194,4
DA:200,2
DA:201,2
DA:203,4
DA:208,4
DA:209,4
DA:211,8
DA:213,2
DA:217,2
DA:218,6
DA:219,6
DA:220,6
DA:224,6
DA:225,12
DA:226,6
LF:54
LH:54
end_of_record
SF:/Users/vietnguyen/DATA/TECHX/flutter_debounce_throttle/packages/dart_debounce_throttle/lib/src/rate_limiter_store.dart
DA:18,27
DA:24,1
DA:25,1
DA:28,1
DA:29,2
DA:30,4
DA:35,4
DA:37,1
DA:39,3
DA:74,0
DA:75,0
DA:122,0
DA:123,0
DA:150,1
DA:152,2
DA:156,1
DA:158,2
DA:161,1
DA:163,2
DA:166,1
DA:168,2
DA:172,3
DA:175,3
DA:201,3
DA:203,6
DA:207,3
DA:209,6
DA:212,3
DA:214,6
DA:217,1
DA:219,2
DA:223,3
DA:226,3
LF:33
LH:29
end_of_record
SF:/Users/vietnguyen/DATA/TECHX/flutter_debounce_throttle/packages/dart_debounce_throttle/lib/src/distributed_rate_limiter.dart
DA:145,3
DA:156,6
DA:157,6
DA:158,6
DA:161,3
DA:162,3
DA:163,6
DA:170,3
DA:171,3
DA:172,3
DA:175,3
DA:176,12
DA:177,3
DA:178,6
DA:183,3
DA:184,3
DA:186,0
DA:190,9
DA:191,6
DA:193,3
DA:195,15
DA:196,6
DA:197,6
DA:198,3
DA:199,3
DA:217,3
DA:218,3
DA:219,9
DA:220,3
DA:225,9
DA:228,3
DA:231,6
DA:233,3
DA:234,6
DA:235,3
DA:238,9
DA:240,9
DA:241,6
DA:242,6
DA:246,9
DA:247,6
DA:248,6
DA:255,3
DA:257,3
DA:258,3
DA:264,3
DA:265,9
DA:266,3
DA:267,6
DA:271,3
DA:272,9
DA:273,3
DA:274,6
DA:280,3
DA:281,9
DA:282,3
DA:284,6
DA:289,6
DA:290,6
DA:292,12
DA:294,3
DA:298,3
DA:299,3
DA:300,6
DA:301,3
DA:303,9
DA:304,12
DA:308,3
DA:309,9
DA:310,9
LF:70
LH:69
end_of_record
SF:/Users/vietnguyen/DATA/TECHX/flutter_debounce_throttle/packages/dart_debounce_throttle/lib/src/extensions.dart
DA:18,8
DA:21,8
DA:24,4
DA:27,4
DA:53,4
DA:54,4
DA:55,8
DA:62,4
DA:63,4
DA:64,8
LF:10
LH:10
end_of_record
SF:/Users/vietnguyen/DATA/TECHX/flutter_debounce_throttle/packages/dart_debounce_throttle/lib/src/stream_extensions.dart
DA:33,1
DA:38,1
DA:39,1
DA:40,1
DA:41,1
DA:42,2
DA:43,1
DA:46,1
DA:47,0
DA:48,0
DA:49,0
DA:55,1
DA:56,1
DA:57,1
DA:62,1
DA:63,1
DA:69,1
DA:71,0
DA:72,0
DA:73,0
DA:79,1
DA:96,1
DA:102,1
DA:103,1
DA:104,1
DA:106,1
DA:108,2
DA:113,1
DA:114,0
DA:115,0
DA:116,0
DA:122,1
DA:123,1
DA:124,1
DA:129,1
DA:130,1
DA:136,1
DA:138,0
DA:139,0
DA:140,0
DA:146,1
LF:41
LH:29
end_of_record
