SF:lib/src/mixin/event_limiter_mixin.dart
DA:175,2
DA:181,4
DA:182,6
DA:184,4
DA:186,2
DA:188,6
DA:189,6
DA:195,2
DA:201,4
DA:202,6
DA:204,4
DA:206,2
DA:208,6
DA:209,6
DA:215,2
DA:221,4
DA:222,6
DA:224,4
DA:226,2
DA:228,6
DA:230,6
DA:236,2
DA:242,4
DA:243,6
DA:245,4
DA:247,2
DA:249,6
DA:250,6
DA:256,1
DA:257,3
DA:258,2
DA:259,2
DA:260,2
DA:276,1
DA:277,3
DA:278,2
DA:279,2
DA:280,2
DA:281,2
DA:282,2
DA:283,2
DA:284,2
DA:285,2
DA:286,2
DA:287,2
DA:288,2
DA:292,0
DA:293,0
DA:296,2
DA:297,6
DA:298,2
DA:300,6
DA:301,2
DA:303,6
DA:304,2
DA:306,6
DA:307,2
DA:309,4
DA:310,4
DA:311,4
DA:312,4
DA:313,4
DA:314,4
DA:315,4
DA:316,4
DA:320,0
DA:321,0
DA:324,1
DA:325,3
DA:326,2
DA:327,2
DA:328,2
DA:332,1
DA:334,3
DA:335,2
DA:337,3
DA:338,2
DA:340,2
DA:341,0
DA:343,2
DA:344,0
DA:357,0
DA:363,2
DA:365,2
DA:367,2
DA:369,2
DA:371,2
DA:383,2
DA:385,4
DA:389,2
DA:390,4
DA:391,2
DA:394,1
DA:395,3
DA:396,3
DA:397,3
DA:398,3
DA:401,1
DA:407,1
DA:409,2
DA:410,1
DA:413,1
DA:414,1
DA:415,1
DA:419,2
DA:420,2
DA:421,1
DA:422,1
DA:445,1
DA:447,5
DA:448,3
DA:449,3
DA:450,3
DA:465,1
DA:466,1
DA:469,2
DA:470,2
DA:471,2
DA:472,2
DA:473,2
DA:474,2
DA:475,2
DA:476,2
DA:481,1
DA:482,1
DA:484,2
DA:485,2
DA:486,2
DA:490,2
DA:491,2
DA:492,1
DA:494,2
DA:495,2
DA:496,2
DA:497,2
DA:500,1
DA:503,1
DA:509,1
DA:511,2
DA:512,1
DA:514,1
DA:515,1
DA:516,1
DA:521,2
DA:522,2
DA:523,1
DA:524,1
DA:527,1
DA:530,2
DA:531,6
DA:532,6
DA:533,6
DA:534,4
DA:542,1
DA:543,1
DA:546,1
DA:547,1
DA:550,1
DA:551,1
DA:554,1
DA:555,1
DA:558,1
DA:559,1
DA:562,1
DA:563,1
DA:566,1
DA:568,1
DA:571,1
DA:573,1
LF:169
LH:162
end_of_record
SF:lib/src/widgets/callback_widgets.dart
DA:13,0
DA:20,0
DA:21,0
DA:27,0
DA:29,0
DA:30,0
DA:33,0
DA:35,0
DA:36,0
DA:39,0
DA:41,0
DA:67,1
DA:73,1
DA:74,1
DA:80,1
DA:82,1
DA:83,4
DA:86,0
DA:88,0
DA:89,0
DA:90,0
DA:91,0
DA:95,1
DA:97,2
DA:98,1
DA:101,1
DA:103,5
DA:127,1
DA:133,1
DA:134,1
DA:140,1
DA:142,1
DA:143,4
DA:146,0
DA:148,0
DA:149,0
DA:150,0
DA:151,0
DA:155,1
DA:157,2
DA:158,1
DA:161,1
DA:163,5
DA:194,1
DA:200,1
DA:201,1
DA:207,1
DA:209,1
DA:210,4
DA:213,0
DA:215,0
DA:216,0
DA:217,0
DA:218,0
DA:222,1
DA:224,2
DA:225,1
DA:228,1
DA:230,5
DA:260,0
DA:266,0
DA:267,0
DA:273,0
DA:275,0
DA:276,0
DA:279,0
DA:281,0
DA:282,0
DA:283,0
DA:284,0
DA:288,0
DA:290,0
DA:291,0
DA:294,0
DA:296,0
DA:299,0
DA:301,0
DA:312,1
DA:319,1
DA:320,1
DA:326,1
DA:328,1
DA:329,4
DA:332,1
DA:334,2
DA:335,1
DA:338,1
DA:340,2
DA:341,0
DA:344,4
DA:346,3
DA:347,3
DA:400,1
DA:409,1
DA:411,1
DA:418,1
DA:420,1
DA:421,4
DA:424,1
DA:426,2
DA:427,1
DA:430,1
DA:431,2
DA:433,1
DA:434,3
DA:439,3
DA:440,3
DA:444,1
DA:445,3
DA:447,3
DA:448,3
DA:452,0
DA:453,0
DA:455,0
DA:459,1
DA:461,3
DA:463,3
DA:464,1
DA:480,1
DA:487,1
DA:488,1
DA:494,1
DA:496,1
DA:497,4
DA:500,1
DA:502,2
DA:503,1
DA:506,1
DA:508,7
DA:545,1
DA:554,1
DA:556,1
DA:564,1
DA:566,1
DA:567,4
DA:570,1
DA:572,2
DA:573,1
DA:576,1
DA:577,3
DA:579,3
DA:582,3
DA:583,3
DA:586,1
DA:587,3
DA:589,2
DA:591,0
DA:592,0
DA:594,0
DA:598,1
DA:600,3
DA:602,3
DA:603,1
DA:644,1
DA:656,1
DA:658,1
DA:667,1
DA:669,1
DA:670,2
DA:671,2
DA:672,2
DA:673,2
DA:674,2
DA:678,1
DA:680,2
DA:681,1
DA:684,1
DA:685,2
DA:687,1
DA:688,2
DA:689,1
DA:690,3
DA:695,3
DA:696,3
DA:699,1
DA:700,2
DA:701,3
DA:702,3
DA:705,2
DA:707,0
DA:708,0
DA:709,0
DA:710,0
DA:713,0
DA:717,1
DA:719,3
DA:721,3
DA:722,1
DA:723,1
DA:735,1
DA:742,1
DA:743,1
DA:749,1
DA:751,1
DA:752,4
DA:755,1
DA:757,2
DA:758,1
DA:761,1
DA:763,7
DA:788,1
DA:801,1
DA:802,1
DA:808,1
DA:810,1
DA:811,4
DA:814,1
DA:816,2
DA:817,1
DA:820,1
DA:822,1
DA:823,4
DA:824,4
DA:825,4
DA:826,2
DA:827,2
DA:828,2
DA:829,2
DA:830,2
DA:842,1
DA:850,1
DA:851,1
DA:857,1
DA:859,1
DA:860,4
DA:863,1
DA:865,2
DA:866,1
DA:869,1
DA:871,1
DA:872,2
DA:873,4
DA:874,2
DA:886,1
DA:894,1
DA:895,1
DA:901,1
DA:903,1
DA:904,4
DA:907,1
DA:909,2
DA:910,1
DA:913,1
DA:915,1
DA:916,2
DA:917,4
DA:918,2
LF:247
LH:191
end_of_record
SF:lib/src/widgets/stream_listeners.dart
DA:29,1
DA:38,1
DA:39,1
DA:45,1
DA:47,1
DA:48,1
DA:51,0
DA:53,0
DA:54,0
DA:55,0
DA:56,0
DA:60,1
DA:61,4
DA:62,1
DA:63,1
DA:64,3
DA:67,1
DA:68,1
DA:69,3
DA:72,1
DA:73,1
DA:74,3
DA:80,1
DA:81,2
DA:82,1
DA:85,1
DA:87,1
DA:88,1
DA:91,1
DA:92,2
DA:120,1
DA:130,1
DA:132,1
DA:140,1
DA:142,1
DA:143,4
DA:144,1
DA:147,0
DA:149,0
DA:150,0
DA:151,0
DA:152,0
DA:156,1
DA:157,4
DA:158,1
DA:159,1
DA:160,3
DA:161,2
DA:162,4
DA:166,0
DA:167,0
DA:168,0
DA:171,1
DA:172,1
DA:173,2
DA:179,1
DA:180,2
DA:181,1
DA:184,1
DA:186,1
DA:187,2
DA:188,1
DA:191,1
DA:192,2
DA:219,1
DA:229,1
DA:231,1
DA:238,1
DA:240,1
DA:241,4
DA:242,1
DA:245,0
DA:247,0
DA:248,0
DA:249,0
DA:250,0
DA:254,1
DA:255,4
DA:256,1
DA:257,3
DA:258,1
DA:259,3
DA:263,0
DA:264,0
DA:265,0
DA:268,1
DA:269,1
DA:270,2
DA:276,1
DA:277,2
DA:278,1
DA:281,1
DA:283,1
DA:284,2
DA:285,1
DA:288,1
DA:289,2
LF:97
LH:76
end_of_record
SF:lib/src/widgets/gesture_detector.dart
DA:276,1
DA:342,1
DA:344,1
DA:354,1
DA:356,1
DA:357,4
DA:358,1
DA:359,3
DA:362,0
DA:364,0
DA:367,0
DA:368,0
DA:369,0
DA:372,0
DA:373,0
DA:374,0
DA:375,0
DA:379,1
DA:381,2
DA:382,2
DA:383,1
DA:387,1
DA:391,1
DA:392,3
DA:396,1
DA:397,1
DA:398,5
DA:406,1
DA:410,1
DA:411,2
DA:412,4
DA:419,1
DA:421,1
DA:423,1
DA:424,2
DA:425,2
DA:426,2
DA:428,3
DA:429,3
DA:430,3
DA:431,3
DA:432,3
DA:433,3
DA:434,3
DA:435,3
DA:436,3
DA:437,3
DA:438,3
DA:440,3
DA:441,3
DA:442,3
DA:444,3
DA:445,3
DA:446,3
DA:447,3
DA:448,3
DA:449,3
DA:450,3
DA:452,3
DA:454,3
DA:455,3
DA:456,3
DA:458,3
DA:460,3
DA:461,3
DA:462,3
DA:463,3
DA:464,3
DA:466,3
DA:467,3
DA:468,3
DA:469,3
DA:470,3
DA:472,3
DA:473,3
DA:474,3
DA:475,3
DA:476,3
DA:478,3
DA:479,3
DA:480,3
DA:482,3
DA:483,3
DA:484,3
DA:485,3
DA:486,2
LF:86
LH:77
end_of_record
SF:lib/src/controllers/text_controllers.dart
DA:35,1
DA:41,1
DA:45,1
DA:47,3
DA:48,3
DA:49,3
DA:52,1
DA:53,2
DA:54,3
DA:55,1
DA:56,3
DA:57,2
DA:58,1
DA:63,3
DA:66,1
DA:68,1
DA:70,1
DA:71,2
DA:74,1
DA:75,1
DA:78,1
DA:79,2
DA:82,1
DA:83,7
DA:86,1
DA:87,3
DA:88,1
DA:89,2
DA:91,2
DA:145,1
DA:154,1
DA:158,1
DA:160,3
DA:161,3
DA:162,3
DA:165,1
DA:166,2
DA:167,3
DA:168,1
DA:169,1
DA:173,1
DA:174,1
DA:178,3
DA:179,2
DA:183,1
DA:184,2
DA:185,1
DA:188,1
DA:189,2
DA:193,1
DA:194,2
DA:195,1
DA:196,1
DA:200,3
DA:201,2
DA:203,1
DA:205,1
DA:207,1
DA:208,2
DA:211,1
DA:212,1
DA:215,1
DA:216,2
DA:217,1
DA:220,1
DA:221,3
DA:222,1
DA:223,2
DA:225,2
LF:69
LH:69
end_of_record
