SF:lib/src/hooks.dart
DA:22,1
DA:28,2
DA:41,1
DA:48,1
DA:49,1
DA:55,1
DA:57,1
DA:58,2
DA:59,2
DA:60,2
DA:61,2
DA:65,1
DA:66,1
DA:68,1
DA:70,2
DA:71,1
DA:90,1
DA:96,2
DA:109,1
DA:116,1
DA:117,1
DA:123,1
DA:125,1
DA:126,2
DA:127,2
DA:128,2
DA:129,2
DA:133,1
DA:134,1
DA:136,1
DA:138,2
DA:139,1
DA:160,1
DA:165,1
DA:167,1
DA:168,4
DA:169,1
DA:191,1
DA:196,1
DA:198,1
DA:199,2
DA:200,1
DA:224,1
DA:228,1
DA:229,1
DA:231,2
DA:232,2
DA:233,1
DA:236,1
DA:238,1
DA:263,1
DA:267,1
DA:268,1
DA:270,2
DA:271,2
DA:272,1
DA:275,1
DA:277,1
DA:281,1
DA:287,2
DA:300,1
DA:307,1
DA:308,1
DA:315,1
DA:317,1
DA:318,2
DA:319,2
DA:320,2
DA:321,2
DA:325,1
DA:326,1
DA:328,1
DA:330,2
DA:331,1
DA:336,1
DA:342,2
DA:355,1
DA:362,1
DA:363,1
DA:370,1
DA:372,1
DA:373,2
DA:374,2
DA:375,2
DA:376,2
DA:380,1
DA:381,1
DA:383,1
DA:385,2
DA:386,1
LF:90
LH:90
end_of_record
